slurm submission log: 2021-11-07 16:02:32.449240
created following sbatch script: 

###############################

#!/bin/bash

#SBATCH --cpus-per-task=2
#SBATCH --gres=gpu:1
#SBATCH --job-name=hung0411-job-2504955
#SBATCH --mem=16G
#SBATCH --open-mode=append
#SBATCH --output=hung0411-job-2504955.out
#SBATCH --partition=jag-hi
#SBATCH --time=10-0

# activate your desired anaconda environment


# cd to working directory
cd .

# launch commands
srun --unbuffered run_as_child_processes 'x' 'jagupard28, jagupard29'

###############################

submission to slurm complete!


###############################
slurm submission output

Submitted batch job 3407661



###############################

###############################
start time: 2021-11-07 16:02:37.675135
machine: jagupard17.stanford.edu
conda env: hung-stanza
###############################
running following processes

	x
	jagupard28, jagupard29


###############################
command outputs: 


/bin/sh: 1: x: not found
/bin/sh: 1: jagupard28,: not found
###############################
end time: 2021-11-07 16:02:59.937441
elapsed time: 0:00:22.262306
